<?xml version="1.0" encoding="UTF-8"?>
<!-- Generated by org.testng.reporters.JUnitReportReporter -->
<testsuite hostname="QKNBK4736" failures="0" tests="1" name="com.quest.test.LoginTest" time="5.948" errors="0" timestamp="1 Jul 2024 10:36:53 GMT">
  <testcase classname="com.quest.test.LoginTest" name="Login" time="5.948"/>
</testsuite> <!-- com.quest.test.LoginTest -->
